[debug] [2021-05-07T21:12:18.555Z] ----------------------------------------------------------------------
[debug] [2021-05-07T21:12:18.561Z] Command:       C:\Program Files\nodejs\node.exe C:\Users\bauma\AppData\Roaming\npm\node_modules\firebase-tools\lib\bin\firebase.js init
[debug] [2021-05-07T21:12:18.562Z] CLI Version:   9.10.2
[debug] [2021-05-07T21:12:18.562Z] Platform:      win32
[debug] [2021-05-07T21:12:18.562Z] Node Version:  v14.15.1
[debug] [2021-05-07T21:12:18.564Z] Time:          Fri May 07 2021 14:12:18 GMT-0700 (Pacific Daylight Time)
[debug] [2021-05-07T21:12:18.565Z] ----------------------------------------------------------------------
[debug] 
[debug] [2021-05-07T21:12:18.581Z] > command requires scopes: ["email","openid","https://www.googleapis.com/auth/cloudplatformprojects.readonly","https://www.googleapis.com/auth/firebase","https://www.googleapis.com/auth/cloud-platform"]
[debug] [2021-05-07T21:12:18.581Z] > authorizing via signed-in user (baumannkev@gmail.com)
[info] 
     ######## #### ########  ######## ########     ###     ######  ########
     ##        ##  ##     ## ##       ##     ##  ##   ##  ##       ##
     ######    ##  ########  ######   ########  #########  ######  ######
     ##        ##  ##    ##  ##       ##     ## ##     ##       ## ##
     ##       #### ##     ## ######## ########  ##     ##  ######  ########

You're about to initialize a Firebase project in this directory:

  C:\Users\bauma\Personal Projects\Web Design\TenisBooking2

[info] 
=== Project Setup
[info] 
[info] First, let's associate this project directory with a Firebase project.
[info] You can create multiple project aliases by running firebase use --add, 
[info] but for now we'll just set up a default project.
[info] 
[debug] [2021-05-07T21:12:47.249Z] > refreshing access token with scopes: []
[debug] [2021-05-07T21:12:47.250Z] >>> HTTP REQUEST POST https://www.googleapis.com/oauth2/v3/token  
 <request body omitted>
[debug] [2021-05-07T21:12:47.408Z] <<< HTTP RESPONSE 200 {"pragma":"no-cache","expires":"Mon, 01 Jan 1990 00:00:00 GMT","date":"Fri, 07 May 2021 21:12:49 GMT","cache-control":"no-cache, no-store, max-age=0, must-revalidate","content-type":"application/json; charset=utf-8","vary":"X-Origin, Referer, Origin,Accept-Encoding","server":"scaffolding on HTTPServer2","x-xss-protection":"0","x-frame-options":"SAMEORIGIN","x-content-type-options":"nosniff","alt-svc":"h3-29=\":443\"; ma=2592000,h3-T051=\":443\"; ma=2592000,h3-Q050=\":443\"; ma=2592000,h3-Q046=\":443\"; ma=2592000,h3-Q043=\":443\"; ma=2592000,quic=\":443\"; ma=2592000; v=\"46,43\"","accept-ranges":"none","transfer-encoding":"chunked"}
[debug] [2021-05-07T21:12:47.420Z] >>> [apiv2][query] GET https://firebase.googleapis.com/v1beta1/projects pageSize=100
[debug] [2021-05-07T21:12:47.640Z] <<< [apiv2][status] GET https://firebase.googleapis.com/v1beta1/projects 200
[debug] [2021-05-07T21:12:47.640Z] <<< [apiv2][body] GET https://firebase.googleapis.com/v1beta1/projects [omitted]
[info] i  Using project baumanntennis-af590 (BaumannTennis) 
[info] 
=== Hosting Setup
[info] 
[info] Your public directory is the folder (relative to your project directory) that
[info] will contain Hosting assets to be uploaded with firebase deploy. If you
[info] have a build process for your assets, use your build's output directory.
[info] 
[debug] [2021-05-07T21:13:18.297Z] >>> [apiv2][query] GET https://www.gstatic.com/firebasejs/releases.json [none]
[debug] [2021-05-07T21:13:18.386Z] <<< [apiv2][status] GET https://www.gstatic.com/firebasejs/releases.json 200
[debug] [2021-05-07T21:13:18.387Z] <<< [apiv2][body] GET https://www.gstatic.com/firebasejs/releases.json {"current":{"version":"8.5.0","browserURL":"https://www.gstatic.com/firebasejs/8.5.0/firebase.js","packageURL":"https://www.gstatic.com/firebasejs/8.5.0/firebase.tgz"},"live":{"version":"8.5","browserURL":"https://www.gstatic.com/firebasejs/live/8.5/firebase.js","packageURL":"https://www.gstatic.com/firebasejs/live/8.5/firebase.tgz"},"components":{"analytics":"https://www.gstatic.com/firebasejs/8.5.0/firebase-analytics.js","app":"https://www.gstatic.com/firebasejs/8.5.0/firebase-app.js","auth":"https://www.gstatic.com/firebasejs/8.5.0/firebase-auth.js","database":"https://www.gstatic.com/firebasejs/8.5.0/firebase-database.js","firestore":"https://www.gstatic.com/firebasejs/8.5.0/firebase-firestore.js","functions":"https://www.gstatic.com/firebasejs/8.5.0/firebase-functions.js","installations":"https://www.gstatic.com/firebasejs/8.5.0/firebase-installations.js","messaging":"https://www.gstatic.com/firebasejs/8.5.0/firebase-messaging.js","storage":"https://www.gstatic.com/firebasejs/8.5.0/firebase-storage.js","performance":"https://www.gstatic.com/firebasejs/8.5.0/firebase-performance.js","remote-config":"https://www.gstatic.com/firebasejs/8.5.0/firebase-remote-config.js","firestore.memory":"https://www.gstatic.com/firebasejs/8.5.0/firebase-firestore.memory.js"}}
[info] i  Skipping write of /index.html 
[info] 
[info] i  Didn't detect a .git folder. Assuming C:\Users\bauma\Personal Projects\Web Design\TenisBooking2 is the project root. 
[info] i  Authorizing with GitHub to upload your service account to a GitHub repository's secrets store. 
[info] 
[info] Visit this URL on this device to log in:
[info] https://github.com/login/oauth/authorize?client_id=89cf50f02ac6aaed3484&state=8418655&redirect_uri=http%3A%2F%2Flocalhost%3A9005&scope=read%3Auser%20repo%20public_repo
[info] 
[info] Waiting for authentication...
[debug] [2021-05-07T21:13:39.493Z] >>> HTTP REQUEST POST https://github.com/login/oauth/access_token  
 {"client_id":"89cf50f02ac6aaed3484","client_secret":"3330d14abc895d9a74d5f17cd7a00711fa2c5bf0","code":"89a3377d5cac7b23cf11","redirect_uri":"http://localhost:9005","state":"8418655"}
[debug] [2021-05-07T21:13:39.907Z] <<< HTTP RESPONSE 200 {"server":"GitHub.com","date":"Fri, 07 May 2021 21:13:42 GMT","content-type":"application/json; charset=utf-8","transfer-encoding":"chunked","vary":"X-PJAX, Accept-Encoding, Accept, X-Requested-With","permissions-policy":"interest-cohort=()","etag":"W/\"85b1786efb36421e7eab36834777a4bd\"","cache-control":"max-age=0, private, must-revalidate","strict-transport-security":"max-age=31536000; includeSubdomains; preload","x-frame-options":"deny","x-content-type-options":"nosniff","x-xss-protection":"0","referrer-policy":"origin-when-cross-origin, strict-origin-when-cross-origin","expect-ct":"max-age=2592000, report-uri=\"https://api.github.com/_private/browser/errors\"","content-security-policy":"default-src 'none'; base-uri 'self'; block-all-mixed-content; connect-src 'self' uploads.github.com www.githubstatus.com collector.githubapp.com api.github.com github-cloud.s3.amazonaws.com github-production-repository-file-5c1aeb.s3.amazonaws.com github-production-upload-manifest-file-7fdce7.s3.amazonaws.com github-production-user-asset-6210df.s3.amazonaws.com cdn.optimizely.com logx.optimizely.com/v1/events wss://alive.github.com; font-src github.githubassets.com; form-action 'self' github.com gist.github.com; frame-ancestors 'none'; frame-src render.githubusercontent.com; img-src 'self' data: github.githubassets.com identicons.github.com collector.githubapp.com github-cloud.s3.amazonaws.com secured-user-images.githubusercontent.com/ *.githubusercontent.com; manifest-src 'self'; media-src 'none'; script-src github.githubassets.com; style-src 'unsafe-inline' github.githubassets.com; worker-src github.com/socket-worker-3f088aa2.js gist.github.com/socket-worker-3f088aa2.js","x-github-request-id":"EA78:5223:647642:AAADB0:6095AD85"}
[debug] [2021-05-07T21:13:39.910Z] >>> [apiv2][query] GET https://api.github.com/user [none]
[debug] [2021-05-07T21:13:40.305Z] <<< [apiv2][status] GET https://api.github.com/user 200
[debug] [2021-05-07T21:13:40.306Z] <<< [apiv2][body] GET https://api.github.com/user {"login":"baumannkev","id":26728626,"node_id":"MDQ6VXNlcjI2NzI4NjI2","avatar_url":"https://avatars.githubusercontent.com/u/26728626?v=4","gravatar_id":"","url":"https://api.github.com/users/baumannkev","html_url":"https://github.com/baumannkev","followers_url":"https://api.github.com/users/baumannkev/followers","following_url":"https://api.github.com/users/baumannkev/following{/other_user}","gists_url":"https://api.github.com/users/baumannkev/gists{/gist_id}","starred_url":"https://api.github.com/users/baumannkev/starred{/owner}{/repo}","subscriptions_url":"https://api.github.com/users/baumannkev/subscriptions","organizations_url":"https://api.github.com/users/baumannkev/orgs","repos_url":"https://api.github.com/users/baumannkev/repos","events_url":"https://api.github.com/users/baumannkev/events{/privacy}","received_events_url":"https://api.github.com/users/baumannkev/received_events","type":"User","site_admin":false,"name":"Kevin Baumann","company":null,"blog":"","location":"Vancouver, BC","email":null,"hireable":null,"bio":"BCIT CST Level 1 -| Paraguayan - German - Spanish - Canadian |-","twitter_username":null,"public_repos":12,"public_gists":0,"followers":0,"following":0,"created_at":"2017-03-28T01:28:23Z","updated_at":"2021-05-07T21:13:41Z","private_gists":0,"total_private_repos":0,"owned_private_repos":0,"disk_usage":13610,"collaborators":0,"two_factor_authentication":false,"plan":{"name":"pro","space":976562499,"collaborators":0,"private_repos":9999}}
[info] 
[info] +  Success! Logged into GitHub as baumannkev 
[info] 
